Mar 27 02:30:44.065 mcserver: INSTALL: INFO: Logs installed
Mar 27 02:30:44.256 mcserver: INSTALL: PASS: Downloading check_deps.sh...
Mar 27 02:30:44.757 mcserver: INSTALL: PASS: Checking ubuntu-24.04.csv
Mar 27 02:30:45.139 mcserver: INSTALL: PASS: Downloading ubuntu-24.04.csv...
Mar 27 02:30:47.839 mcserver: INSTALL: WARN: Missing dependencies: bc bsdmainutils cpio distro-info tmux uuid-runtime
Mar 27 02:30:47.958 mcserver: INSTALL: INFO: codespace has sudo access.
Mar 27 02:30:48.066 mcserver: INSTALL: INFO: Automatically installing missing dependencies.
Mar 27 02:31:02.403 mcserver: INSTALL: PASS: Downloading install_server_files.sh...
Mar 27 02:31:02.632 mcserver: INSTALL: PASS: Downloading install_eula.sh...
Mar 27 02:31:08.053 mcserver: INSTALL: PASS: Downloading update_mc.sh...
Mar 27 02:31:08.989 mcserver: INSTALL: PASS: Downloading minecraft_server.26.1.jar...
Mar 27 02:31:09.155 mcserver: INSTALL: PASS: clearing tmp directory /workspaces/GSP-GITHUB-SERVER-PROJECT/minecraft-server/lgsm/tmp
Mar 27 02:31:09.353 mcserver: INSTALL: PASS: Downloading check_gamedig.sh...
Mar 27 02:31:10.750 mcserver: INSTALL: INFO: Installing Gamedig
Mar 27 02:31:15.503 mcserver: INSTALL: PASS: Downloading install_config.sh...
Mar 27 02:31:16.840 mcserver: INSTALL: PASS: Downloading server.properties...
Mar 27 02:31:16.950 mcserver: INSTALL: PASS: copying config file /workspaces/GSP-GITHUB-SERVER-PROJECT/minecraft-server/serverfiles/server.properties
Mar 27 02:31:16.959 mcserver: INSTALL: INFO: setting hostname
Mar 27 02:31:17.175 mcserver: INSTALL: PASS: setting hostname
Mar 27 02:31:17.177 mcserver: INSTALL: INFO: generating admin/rcon password
Mar 27 02:31:17.387 mcserver: INSTALL: PASS: generating admin/rcon password
Mar 27 02:31:17.682 mcserver: INSTALL: PASS: Downloading fix.sh...
Mar 27 02:31:17.931 mcserver: INSTALL: PASS: Downloading install_stats.sh...
Mar 27 02:31:18.228 mcserver: INSTALL: PASS: Downloading install_complete.sh...
Mar 27 02:31:18.237 mcserver: INSTALL: PASS: Install Complete!
Mar 27 02:31:18.524 mcserver: INSTALL: PASS: Downloading core_exit.sh...
Mar 27 02:31:18.535 mcserver: INSTALL: INFO: LinuxGSM version: v25.2.0
Mar 27 02:31:18.538 mcserver: INSTALL: PASS: core_exit.sh exiting with code: 0
Mar 27 02:38:40.958 mcserver: CORE: INFO: Querying http://ip-api.com/json for public IP address
Mar 27 02:38:40.994 mcserver: CORE: PASS: Queried http://ip-api.com/json for public IP address
Mar 27 02:38:41.198 mcserver: CORE: PASS: Downloading linuxgsm.sh...
Mar 27 02:38:41.622 mcserver: CORE: PASS: Downloading command_start.sh...
Mar 27 02:38:42.477 mcserver: START: PASS: Downloading check_root.sh...
Mar 27 02:38:42.738 mcserver: START: PASS: Downloading check_system_dir.sh...
Mar 27 02:38:42.927 mcserver: START: PASS: Downloading check_executable.sh...
Mar 27 02:38:43.378 mcserver: START: PASS: Downloading check_logs.sh...
Mar 27 02:38:44.054 mcserver: START: PASS: Downloading check_config.sh...
Mar 27 02:38:44.120 mcserver: START: PASS: Using cached IP as public IP address
Mar 27 02:38:44.338 mcserver: START: PASS: Downloading check_status.sh...
Mar 27 02:38:46.485 mcserver: START: PASS: Using cached IP as public IP address
Mar 27 02:38:46.689 mcserver: START: PASS: Downloading core_logs.sh...
Mar 27 02:38:47.319 mcserver: START: INFO: Rotating log files
